<?xml version="1.0" encoding="UTF-8"?>
<!-- Generated by org.testng.reporters.JUnitXMLReporter -->
<testsuite ignored="0" hostname="TYSS-Ayesha" failures="0" tests="4" name="Default test" time="38.696" errors="0" timestamp="2024-01-22T11:01:54 IST">
  <testcase classname="TestNG.WorkingWithDataProvider" name="testcase" time="10.908"/>
  <testcase classname="TestNG.WorkingWithDataProvider" name="testcase" time="9.392"/>
  <testcase classname="TestNG.WorkingWithDataProvider" name="testcase" time="9.276"/>
  <testcase classname="TestNG.WorkingWithDataProvider" name="testcase" time="9.02"/>
</testsuite> <!-- Default test -->
