<?xml version="1.0" encoding="UTF-8"?>
<testng-results ignored="0" total="4" passed="4" failed="0" skipped="0">
  <reporter-output>
  </reporter-output>
  <suite started-at="2024-01-22T11:01:15 IST" name="Default suite" finished-at="2024-01-22T11:01:54 IST" duration-ms="38696">
    <groups>
    </groups>
    <test started-at="2024-01-22T11:01:15 IST" name="Default test" finished-at="2024-01-22T11:01:54 IST" duration-ms="38696">
      <class name="TestNG.WorkingWithDataProvider">
        <test-method signature="testcase(java.lang.String,java.lang.String)[pri:0, instance:TestNG.WorkingWithDataProvider@16ec5519]" started-at="2024-01-22T11:01:15 IST" name="testcase" data-provider="loginData" finished-at="2024-01-22T11:01:26 IST" duration-ms="10908" status="PASS">
          <params>
            <param index="0">
              <value>
                <![CDATA[ayesha@gmail.com]]>
              </value>
            </param>
            <param index="1">
              <value>
                <![CDATA[ayesgjg]]>
              </value>
            </param>
          </params>
          <reporter-output>
          </reporter-output>
        </test-method> <!-- testcase -->
        <test-method signature="testcase(java.lang.String,java.lang.String)[pri:0, instance:TestNG.WorkingWithDataProvider@16ec5519]" started-at="2024-01-22T11:01:26 IST" name="testcase" data-provider="loginData" finished-at="2024-01-22T11:01:36 IST" duration-ms="9392" status="PASS">
          <params>
            <param index="0">
              <value>
                <![CDATA[ayeshafayth1@gmail.com]]>
              </value>
            </param>
            <param index="1">
              <value>
                <![CDATA[ayesgghjg]]>
              </value>
            </param>
          </params>
          <reporter-output>
          </reporter-output>
        </test-method> <!-- testcase -->
        <test-method signature="testcase(java.lang.String,java.lang.String)[pri:0, instance:TestNG.WorkingWithDataProvider@16ec5519]" started-at="2024-01-22T11:01:36 IST" name="testcase" data-provider="loginData" finished-at="2024-01-22T11:01:45 IST" duration-ms="9276" status="PASS">
          <params>
            <param index="0">
              <value>
                <![CDATA[ayeshafathiam2@gmail.com]]>
              </value>
            </param>
            <param index="1">
              <value>
                <![CDATA[ayesgsjg]]>
              </value>
            </param>
          </params>
          <reporter-output>
          </reporter-output>
        </test-method> <!-- testcase -->
        <test-method signature="testcase(java.lang.String,java.lang.String)[pri:0, instance:TestNG.WorkingWithDataProvider@16ec5519]" started-at="2024-01-22T11:01:45 IST" name="testcase" data-provider="loginData" finished-at="2024-01-22T11:01:54 IST" duration-ms="9020" status="PASS">
          <params>
            <param index="0">
              <value>
                <![CDATA[ayesha346@gmail.com]]>
              </value>
            </param>
            <param index="1">
              <value>
                <![CDATA[ayesgtjg]]>
              </value>
            </param>
          </params>
          <reporter-output>
          </reporter-output>
        </test-method> <!-- testcase -->
      </class> <!-- TestNG.WorkingWithDataProvider -->
    </test> <!-- Default test -->
  </suite> <!-- Default suite -->
</testng-results>
